{"C:\\Users\\Usuario\\war\\aggain\\src\\index.ts": {"path":"C:\\Users\\Usuario\\war\\aggain\\src\\index.ts","statementMap":{"0":{"start":{"line":10,"column":2},"end":{"line":44,"column":3}},"1":{"start":{"line":11,"column":26},"end":{"line":11,"column":58}},"2":{"start":{"line":12,"column":43},"end":{"line":19,"column":6}},"3":{"start":{"line":21,"column":4},"end":{"line":21,"column":80}},"4":{"start":{"line":23,"column":4},"end":{"line":31,"column":5}},"5":{"start":{"line":24,"column":6},"end":{"line":24,"column":51}},"6":{"start":{"line":25,"column":11},"end":{"line":31,"column":5}},"7":{"start":{"line":26,"column":6},"end":{"line":26,"column":47}},"8":{"start":{"line":27,"column":11},"end":{"line":31,"column":5}},"9":{"start":{"line":28,"column":6},"end":{"line":28,"column":48}},"10":{"start":{"line":30,"column":6},"end":{"line":30,"column":49}},"11":{"start":{"line":33,"column":4},"end":{"line":33,"column":62}},"12":{"start":{"line":34,"column":4},"end":{"line":40,"column":7}},"13":{"start":{"line":42,"column":4},"end":{"line":42,"column":61}},"14":{"start":{"line":43,"column":4},"end":{"line":43,"column":20}}},"fnMap":{"0":{"name":"main","decl":{"start":{"line":9,"column":30},"end":{"line":9,"column":34}},"loc":{"start":{"line":9,"column":68},"end":{"line":45,"column":1}}}},"branchMap":{"0":{"loc":{"start":{"line":23,"column":4},"end":{"line":31,"column":5}},"type":"if","locations":[{"start":{"line":23,"column":4},"end":{"line":31,"column":5}},{"start":{"line":25,"column":11},"end":{"line":31,"column":5}}]},"1":{"loc":{"start":{"line":25,"column":11},"end":{"line":31,"column":5}},"type":"if","locations":[{"start":{"line":25,"column":11},"end":{"line":31,"column":5}},{"start":{"line":27,"column":11},"end":{"line":31,"column":5}}]},"2":{"loc":{"start":{"line":27,"column":11},"end":{"line":31,"column":5}},"type":"if","locations":[{"start":{"line":27,"column":11},"end":{"line":31,"column":5}},{"start":{"line":29,"column":11},"end":{"line":31,"column":5}}]},"3":{"loc":{"start":{"line":37,"column":8},"end":{"line":39,"column":48}},"type":"cond-expr","locations":[{"start":{"line":38,"column":10},"end":{"line":38,"column":28}},{"start":{"line":39,"column":10},"end":{"line":39,"column":48}}]}},"s":{"0":0,"1":0,"2":0,"3":0,"4":0,"5":0,"6":0,"7":0,"8":0,"9":0,"10":0,"11":0,"12":0,"13":0,"14":0},"f":{"0":0},"b":{"0":[0,0],"1":[0,0],"2":[0,0],"3":[0,0]}}
,"C:\\Users\\Usuario\\war\\aggain\\src\\generators\\deno.ts": {"path":"C:\\Users\\Usuario\\war\\aggain\\src\\generators\\deno.ts","statementMap":{"0":{"start":{"line":224,"column":0},"end":{"line":224,"column":7}},"1":{"start":{"line":1,"column":0},"end":{"line":1,"column":47}},"2":{"start":{"line":4,"column":0},"end":{"line":4,"column":44}},"3":{"start":{"line":5,"column":0},"end":{"line":5,"column":24}},"4":{"start":{"line":8,"column":2},"end":{"line":33,"column":14}},"5":{"start":{"line":37,"column":2},"end":{"line":64,"column":29}},"6":{"start":{"line":68,"column":2},"end":{"line":78,"column":38}},"7":{"start":{"line":82,"column":2},"end":{"line":107,"column":3}},"8":{"start":{"line":111,"column":2},"end":{"line":137,"column":3}},"9":{"start":{"line":141,"column":2},"end":{"line":164,"column":3}},"10":{"start":{"line":168,"column":2},"end":{"line":186,"column":37}},"11":{"start":{"line":190,"column":2},"end":{"line":221,"column":5}},"12":{"start":{"line":225,"column":21},"end":{"line":225,"column":59}},"13":{"start":{"line":227,"column":2},"end":{"line":295,"column":3}},"14":{"start":{"line":229,"column":4},"end":{"line":229,"column":49}},"15":{"start":{"line":230,"column":4},"end":{"line":230,"column":67}},"16":{"start":{"line":231,"column":4},"end":{"line":231,"column":74}},"17":{"start":{"line":232,"column":4},"end":{"line":232,"column":79}},"18":{"start":{"line":233,"column":4},"end":{"line":233,"column":79}},"19":{"start":{"line":234,"column":4},"end":{"line":234,"column":73}},"20":{"start":{"line":235,"column":4},"end":{"line":237,"column":5}},"21":{"start":{"line":236,"column":6},"end":{"line":236,"column":71}},"22":{"start":{"line":240,"column":4},"end":{"line":243,"column":6}},"23":{"start":{"line":246,"column":4},"end":{"line":249,"column":6}},"24":{"start":{"line":251,"column":4},"end":{"line":254,"column":6}},"25":{"start":{"line":256,"column":4},"end":{"line":259,"column":6}},"26":{"start":{"line":262,"column":4},"end":{"line":265,"column":6}},"27":{"start":{"line":267,"column":4},"end":{"line":270,"column":6}},"28":{"start":{"line":273,"column":4},"end":{"line":276,"column":6}},"29":{"start":{"line":278,"column":4},"end":{"line":283,"column":5}},"30":{"start":{"line":279,"column":6},"end":{"line":282,"column":8}},"31":{"start":{"line":286,"column":4},"end":{"line":289,"column":6}},"32":{"start":{"line":291,"column":4},"end":{"line":291,"column":68}},"33":{"start":{"line":293,"column":4},"end":{"line":293,"column":55}},"34":{"start":{"line":294,"column":4},"end":{"line":294,"column":16}},"35":{"start":{"line":299,"column":2},"end":{"line":343,"column":2}}},"fnMap":{"0":{"name":"generateDenoConfig","decl":{"start":{"line":7,"column":9},"end":{"line":7,"column":27}},"loc":{"start":{"line":7,"column":27},"end":{"line":34,"column":1}}},"1":{"name":"generateMainFile","decl":{"start":{"line":36,"column":9},"end":{"line":36,"column":25}},"loc":{"start":{"line":36,"column":49},"end":{"line":65,"column":1}}},"2":{"name":"generateExampleRoute","decl":{"start":{"line":67,"column":9},"end":{"line":67,"column":29}},"loc":{"start":{"line":67,"column":29},"end":{"line":79,"column":1}}},"3":{"name":"generateExampleController","decl":{"start":{"line":81,"column":9},"end":{"line":81,"column":34}},"loc":{"start":{"line":81,"column":34},"end":{"line":108,"column":1}}},"4":{"name":"generateErrorMiddleware","decl":{"start":{"line":110,"column":9},"end":{"line":110,"column":32}},"loc":{"start":{"line":110,"column":32},"end":{"line":138,"column":1}}},"5":{"name":"generateValidationMiddleware","decl":{"start":{"line":140,"column":9},"end":{"line":140,"column":37}},"loc":{"start":{"line":140,"column":37},"end":{"line":165,"column":1}}},"6":{"name":"generateLogger","decl":{"start":{"line":167,"column":9},"end":{"line":167,"column":23}},"loc":{"start":{"line":167,"column":23},"end":{"line":187,"column":1}}},"7":{"name":"generateExampleTest","decl":{"start":{"line":189,"column":9},"end":{"line":189,"column":28}},"loc":{"start":{"line":189,"column":28},"end":{"line":222,"column":1}}},"8":{"name":"generateDenoProject","decl":{"start":{"line":224,"column":22},"end":{"line":224,"column":41}},"loc":{"start":{"line":224,"column":65},"end":{"line":296,"column":1}}},"9":{"name":"generateReadme","decl":{"start":{"line":298,"column":9},"end":{"line":298,"column":23}},"loc":{"start":{"line":298,"column":47},"end":{"line":344,"column":1}}}},"branchMap":{"0":{"loc":{"start":{"line":235,"column":4},"end":{"line":237,"column":5}},"type":"if","locations":[{"start":{"line":235,"column":4},"end":{"line":237,"column":5}}]},"1":{"loc":{"start":{"line":278,"column":4},"end":{"line":283,"column":5}},"type":"if","locations":[{"start":{"line":278,"column":4},"end":{"line":283,"column":5}}]}},"s":{"0":1,"1":1,"2":1,"3":1,"4":3,"5":3,"6":3,"7":3,"8":3,"9":3,"10":3,"11":2,"12":4,"13":4,"14":4,"15":3,"16":3,"17":3,"18":3,"19":3,"20":3,"21":2,"22":3,"23":3,"24":3,"25":3,"26":3,"27":3,"28":3,"29":3,"30":2,"31":3,"32":3,"33":1,"34":1,"35":3},"f":{"0":3,"1":3,"2":3,"3":3,"4":3,"5":3,"6":3,"7":2,"8":4,"9":3},"b":{"0":[2],"1":[2]}}
,"C:\\Users\\Usuario\\war\\aggain\\src\\generators\\express.ts": {"path":"C:\\Users\\Usuario\\war\\aggain\\src\\generators\\express.ts","statementMap":{"0":{"start":{"line":105,"column":0},"end":{"line":105,"column":7}},"1":{"start":{"line":1,"column":0},"end":{"line":1,"column":47}},"2":{"start":{"line":4,"column":0},"end":{"line":4,"column":44}},"3":{"start":{"line":5,"column":0},"end":{"line":5,"column":24}},"4":{"start":{"line":8,"column":2},"end":{"line":31,"column":14}},"5":{"start":{"line":35,"column":2},"end":{"line":46,"column":3}},"6":{"start":{"line":50,"column":2},"end":{"line":70,"column":3}},"7":{"start":{"line":74,"column":2},"end":{"line":102,"column":5}},"8":{"start":{"line":106,"column":21},"end":{"line":106,"column":59}},"9":{"start":{"line":108,"column":2},"end":{"line":183,"column":3}},"10":{"start":{"line":110,"column":4},"end":{"line":110,"column":49}},"11":{"start":{"line":111,"column":4},"end":{"line":111,"column":67}},"12":{"start":{"line":112,"column":4},"end":{"line":112,"column":74}},"13":{"start":{"line":113,"column":4},"end":{"line":113,"column":79}},"14":{"start":{"line":114,"column":4},"end":{"line":114,"column":79}},"15":{"start":{"line":115,"column":4},"end":{"line":115,"column":76}},"16":{"start":{"line":116,"column":4},"end":{"line":116,"column":73}},"17":{"start":{"line":117,"column":4},"end":{"line":119,"column":5}},"18":{"start":{"line":118,"column":6},"end":{"line":118,"column":71}},"19":{"start":{"line":122,"column":4},"end":{"line":125,"column":6}},"20":{"start":{"line":127,"column":4},"end":{"line":130,"column":6}},"21":{"start":{"line":133,"column":4},"end":{"line":136,"column":6}},"22":{"start":{"line":138,"column":4},"end":{"line":141,"column":6}},"23":{"start":{"line":143,"column":4},"end":{"line":146,"column":6}},"24":{"start":{"line":149,"column":4},"end":{"line":152,"column":6}},"25":{"start":{"line":154,"column":4},"end":{"line":157,"column":6}},"26":{"start":{"line":160,"column":4},"end":{"line":163,"column":6}},"27":{"start":{"line":165,"column":4},"end":{"line":170,"column":5}},"28":{"start":{"line":166,"column":6},"end":{"line":169,"column":8}},"29":{"start":{"line":172,"column":4},"end":{"line":177,"column":5}},"30":{"start":{"line":173,"column":6},"end":{"line":176,"column":8}},"31":{"start":{"line":179,"column":4},"end":{"line":179,"column":71}},"32":{"start":{"line":181,"column":4},"end":{"line":181,"column":58}},"33":{"start":{"line":182,"column":4},"end":{"line":182,"column":16}},"34":{"start":{"line":187,"column":2},"end":{"line":225,"column":4}},"35":{"start":{"line":229,"column":2},"end":{"line":256,"column":21}},"36":{"start":{"line":260,"column":2},"end":{"line":270,"column":38}},"37":{"start":{"line":274,"column":2},"end":{"line":296,"column":3}},"38":{"start":{"line":300,"column":2},"end":{"line":322,"column":5}},"39":{"start":{"line":326,"column":2},"end":{"line":338,"column":22}}},"fnMap":{"0":{"name":"generateTsConfig","decl":{"start":{"line":7,"column":9},"end":{"line":7,"column":25}},"loc":{"start":{"line":7,"column":25},"end":{"line":32,"column":1}}},"1":{"name":"generateErrorMiddleware","decl":{"start":{"line":34,"column":9},"end":{"line":34,"column":32}},"loc":{"start":{"line":34,"column":32},"end":{"line":47,"column":1}}},"2":{"name":"generateValidationMiddleware","decl":{"start":{"line":49,"column":9},"end":{"line":49,"column":37}},"loc":{"start":{"line":49,"column":37},"end":{"line":71,"column":1}}},"3":{"name":"generateLogger","decl":{"start":{"line":73,"column":9},"end":{"line":73,"column":23}},"loc":{"start":{"line":73,"column":23},"end":{"line":103,"column":1}}},"4":{"name":"generateExpressProject","decl":{"start":{"line":105,"column":22},"end":{"line":105,"column":44}},"loc":{"start":{"line":105,"column":68},"end":{"line":184,"column":1}}},"5":{"name":"generatePackageJson","decl":{"start":{"line":186,"column":9},"end":{"line":186,"column":28}},"loc":{"start":{"line":186,"column":52},"end":{"line":226,"column":1}}},"6":{"name":"generateMainFile","decl":{"start":{"line":228,"column":9},"end":{"line":228,"column":25}},"loc":{"start":{"line":228,"column":49},"end":{"line":257,"column":1}}},"7":{"name":"generateExampleRoute","decl":{"start":{"line":259,"column":9},"end":{"line":259,"column":29}},"loc":{"start":{"line":259,"column":29},"end":{"line":271,"column":1}}},"8":{"name":"generateExampleController","decl":{"start":{"line":273,"column":9},"end":{"line":273,"column":34}},"loc":{"start":{"line":273,"column":34},"end":{"line":297,"column":1}}},"9":{"name":"generateExampleTest","decl":{"start":{"line":299,"column":9},"end":{"line":299,"column":28}},"loc":{"start":{"line":299,"column":28},"end":{"line":323,"column":1}}},"10":{"name":"generateDockerfile","decl":{"start":{"line":325,"column":9},"end":{"line":325,"column":27}},"loc":{"start":{"line":325,"column":51},"end":{"line":339,"column":1}}}},"branchMap":{"0":{"loc":{"start":{"line":117,"column":4},"end":{"line":119,"column":5}},"type":"if","locations":[{"start":{"line":117,"column":4},"end":{"line":119,"column":5}}]},"1":{"loc":{"start":{"line":165,"column":4},"end":{"line":170,"column":5}},"type":"if","locations":[{"start":{"line":165,"column":4},"end":{"line":170,"column":5}}]},"2":{"loc":{"start":{"line":172,"column":4},"end":{"line":177,"column":5}},"type":"if","locations":[{"start":{"line":172,"column":4},"end":{"line":177,"column":5}}]},"3":{"loc":{"start":{"line":197,"column":12},"end":{"line":197,"column":72}},"type":"cond-expr","locations":[{"start":{"line":197,"column":35},"end":{"line":197,"column":41}},{"start":{"line":197,"column":44},"end":{"line":197,"column":72}}]},"4":{"loc":{"start":{"line":217,"column":10},"end":{"line":223,"column":12}},"type":"cond-expr","locations":[{"start":{"line":217,"column":33},"end":{"line":223,"column":8}},{"start":{"line":223,"column":10},"end":{"line":223,"column":12}}]}},"s":{"0":1,"1":1,"2":1,"3":1,"4":3,"5":3,"6":3,"7":3,"8":4,"9":4,"10":4,"11":3,"12":3,"13":3,"14":3,"15":3,"16":3,"17":3,"18":2,"19":3,"20":3,"21":3,"22":3,"23":3,"24":3,"25":3,"26":3,"27":3,"28":2,"29":3,"30":3,"31":3,"32":1,"33":1,"34":3,"35":3,"36":3,"37":3,"38":2,"39":3},"f":{"0":3,"1":3,"2":3,"3":3,"4":4,"5":3,"6":3,"7":3,"8":3,"9":2,"10":3},"b":{"0":[2],"1":[2],"2":[3],"3":[2,1],"4":[2,1]}}
,"C:\\Users\\Usuario\\war\\aggain\\src\\generators\\koa.ts": {"path":"C:\\Users\\Usuario\\war\\aggain\\src\\generators\\koa.ts","statementMap":{"0":{"start":{"line":112,"column":0},"end":{"line":112,"column":7}},"1":{"start":{"line":1,"column":0},"end":{"line":1,"column":47}},"2":{"start":{"line":4,"column":0},"end":{"line":4,"column":44}},"3":{"start":{"line":5,"column":0},"end":{"line":5,"column":24}},"4":{"start":{"line":8,"column":2},"end":{"line":31,"column":14}},"5":{"start":{"line":35,"column":2},"end":{"line":51,"column":3}},"6":{"start":{"line":55,"column":2},"end":{"line":77,"column":3}},"7":{"start":{"line":81,"column":2},"end":{"line":109,"column":5}},"8":{"start":{"line":113,"column":21},"end":{"line":113,"column":59}},"9":{"start":{"line":115,"column":2},"end":{"line":190,"column":3}},"10":{"start":{"line":117,"column":4},"end":{"line":117,"column":49}},"11":{"start":{"line":118,"column":4},"end":{"line":118,"column":67}},"12":{"start":{"line":119,"column":4},"end":{"line":119,"column":74}},"13":{"start":{"line":120,"column":4},"end":{"line":120,"column":79}},"14":{"start":{"line":121,"column":4},"end":{"line":121,"column":79}},"15":{"start":{"line":122,"column":4},"end":{"line":122,"column":76}},"16":{"start":{"line":123,"column":4},"end":{"line":123,"column":73}},"17":{"start":{"line":124,"column":4},"end":{"line":126,"column":5}},"18":{"start":{"line":125,"column":6},"end":{"line":125,"column":71}},"19":{"start":{"line":129,"column":4},"end":{"line":132,"column":6}},"20":{"start":{"line":134,"column":4},"end":{"line":137,"column":6}},"21":{"start":{"line":140,"column":4},"end":{"line":143,"column":6}},"22":{"start":{"line":145,"column":4},"end":{"line":148,"column":6}},"23":{"start":{"line":150,"column":4},"end":{"line":153,"column":6}},"24":{"start":{"line":156,"column":4},"end":{"line":159,"column":6}},"25":{"start":{"line":161,"column":4},"end":{"line":164,"column":6}},"26":{"start":{"line":167,"column":4},"end":{"line":170,"column":6}},"27":{"start":{"line":172,"column":4},"end":{"line":177,"column":5}},"28":{"start":{"line":173,"column":6},"end":{"line":176,"column":8}},"29":{"start":{"line":179,"column":4},"end":{"line":184,"column":5}},"30":{"start":{"line":180,"column":6},"end":{"line":183,"column":8}},"31":{"start":{"line":186,"column":4},"end":{"line":186,"column":67}},"32":{"start":{"line":188,"column":4},"end":{"line":188,"column":54}},"33":{"start":{"line":189,"column":4},"end":{"line":189,"column":16}},"34":{"start":{"line":194,"column":2},"end":{"line":235,"column":4}},"35":{"start":{"line":239,"column":2},"end":{"line":269,"column":21}},"36":{"start":{"line":273,"column":2},"end":{"line":283,"column":38}},"37":{"start":{"line":287,"column":2},"end":{"line":310,"column":3}},"38":{"start":{"line":314,"column":2},"end":{"line":342,"column":5}},"39":{"start":{"line":346,"column":2},"end":{"line":358,"column":22}}},"fnMap":{"0":{"name":"generateTsConfig","decl":{"start":{"line":7,"column":9},"end":{"line":7,"column":25}},"loc":{"start":{"line":7,"column":25},"end":{"line":32,"column":1}}},"1":{"name":"generateErrorMiddleware","decl":{"start":{"line":34,"column":9},"end":{"line":34,"column":32}},"loc":{"start":{"line":34,"column":32},"end":{"line":52,"column":1}}},"2":{"name":"generateValidationMiddleware","decl":{"start":{"line":54,"column":9},"end":{"line":54,"column":37}},"loc":{"start":{"line":54,"column":37},"end":{"line":78,"column":1}}},"3":{"name":"generateLogger","decl":{"start":{"line":80,"column":9},"end":{"line":80,"column":23}},"loc":{"start":{"line":80,"column":23},"end":{"line":110,"column":1}}},"4":{"name":"generateKoaProject","decl":{"start":{"line":112,"column":22},"end":{"line":112,"column":40}},"loc":{"start":{"line":112,"column":64},"end":{"line":191,"column":1}}},"5":{"name":"generatePackageJson","decl":{"start":{"line":193,"column":9},"end":{"line":193,"column":28}},"loc":{"start":{"line":193,"column":52},"end":{"line":236,"column":1}}},"6":{"name":"generateMainFile","decl":{"start":{"line":238,"column":9},"end":{"line":238,"column":25}},"loc":{"start":{"line":238,"column":49},"end":{"line":270,"column":1}}},"7":{"name":"generateExampleRoute","decl":{"start":{"line":272,"column":9},"end":{"line":272,"column":29}},"loc":{"start":{"line":272,"column":29},"end":{"line":284,"column":1}}},"8":{"name":"generateExampleController","decl":{"start":{"line":286,"column":9},"end":{"line":286,"column":34}},"loc":{"start":{"line":286,"column":34},"end":{"line":311,"column":1}}},"9":{"name":"generateExampleTest","decl":{"start":{"line":313,"column":9},"end":{"line":313,"column":28}},"loc":{"start":{"line":313,"column":28},"end":{"line":343,"column":1}}},"10":{"name":"generateDockerfile","decl":{"start":{"line":345,"column":9},"end":{"line":345,"column":27}},"loc":{"start":{"line":345,"column":51},"end":{"line":359,"column":1}}}},"branchMap":{"0":{"loc":{"start":{"line":124,"column":4},"end":{"line":126,"column":5}},"type":"if","locations":[{"start":{"line":124,"column":4},"end":{"line":126,"column":5}}]},"1":{"loc":{"start":{"line":172,"column":4},"end":{"line":177,"column":5}},"type":"if","locations":[{"start":{"line":172,"column":4},"end":{"line":177,"column":5}}]},"2":{"loc":{"start":{"line":179,"column":4},"end":{"line":184,"column":5}},"type":"if","locations":[{"start":{"line":179,"column":4},"end":{"line":184,"column":5}}]},"3":{"loc":{"start":{"line":204,"column":12},"end":{"line":204,"column":72}},"type":"cond-expr","locations":[{"start":{"line":204,"column":35},"end":{"line":204,"column":41}},{"start":{"line":204,"column":44},"end":{"line":204,"column":72}}]},"4":{"loc":{"start":{"line":227,"column":10},"end":{"line":233,"column":12}},"type":"cond-expr","locations":[{"start":{"line":227,"column":33},"end":{"line":233,"column":8}},{"start":{"line":233,"column":10},"end":{"line":233,"column":12}}]}},"s":{"0":1,"1":1,"2":1,"3":1,"4":3,"5":3,"6":3,"7":3,"8":4,"9":4,"10":4,"11":3,"12":3,"13":3,"14":3,"15":3,"16":3,"17":3,"18":2,"19":3,"20":3,"21":3,"22":3,"23":3,"24":3,"25":3,"26":3,"27":3,"28":2,"29":3,"30":3,"31":3,"32":1,"33":1,"34":3,"35":3,"36":3,"37":3,"38":2,"39":3},"f":{"0":3,"1":3,"2":3,"3":3,"4":4,"5":3,"6":3,"7":3,"8":3,"9":2,"10":3},"b":{"0":[2],"1":[2],"2":[3],"3":[2,1],"4":[2,1]}}
,"C:\\Users\\Usuario\\war\\aggain\\src\\utils\\logger.ts": {"path":"C:\\Users\\Usuario\\war\\aggain\\src\\utils\\logger.ts","statementMap":{"0":{"start":{"line":1,"column":0},"end":{"line":1,"column":30}},"1":{"start":{"line":3,"column":31},"end":{"line":3,"column":38}},"2":{"start":{"line":4,"column":49},"end":{"line":4,"column":55}},"3":{"start":{"line":6,"column":21},"end":{"line":8,"column":2}},"4":{"start":{"line":7,"column":2},"end":{"line":7,"column":62}},"5":{"start":{"line":10,"column":13},"end":{"line":29,"column":3}},"6":{"start":{"line":32,"column":0},"end":{"line":35,"column":3}},"7":{"start":{"line":33,"column":2},"end":{"line":33,"column":43}},"8":{"start":{"line":34,"column":2},"end":{"line":34,"column":18}},"9":{"start":{"line":37,"column":0},"end":{"line":40,"column":3}},"10":{"start":{"line":38,"column":2},"end":{"line":38,"column":57}},"11":{"start":{"line":39,"column":2},"end":{"line":39,"column":18}}},"fnMap":{"0":{"name":"(anonymous_1)","decl":{"start":{"line":6,"column":28},"end":{"line":6,"column":29}},"loc":{"start":{"line":6,"column":37},"end":{"line":8,"column":1}}},"1":{"name":"(anonymous_2)","decl":{"start":{"line":32,"column":32},"end":{"line":32,"column":33}},"loc":{"start":{"line":32,"column":49},"end":{"line":35,"column":1}}},"2":{"name":"(anonymous_3)","decl":{"start":{"line":37,"column":33},"end":{"line":37,"column":34}},"loc":{"start":{"line":37,"column":53},"end":{"line":40,"column":1}}}},"branchMap":{"0":{"loc":{"start":{"line":18,"column":13},"end":{"line":18,"column":70}},"type":"cond-expr","locations":[{"start":{"line":18,"column":54},"end":{"line":18,"column":61}},{"start":{"line":18,"column":64},"end":{"line":18,"column":70}}]}},"s":{"0":3,"1":3,"2":3,"3":3,"4":0,"5":3,"6":3,"7":0,"8":0,"9":3,"10":0,"11":0},"f":{"0":0,"1":0,"2":0},"b":{"0":[0,3]}}
,"C:\\Users\\Usuario\\war\\aggain\\src\\utils\\validation.ts": {"path":"C:\\Users\\Usuario\\war\\aggain\\src\\utils\\validation.ts","statementMap":{"0":{"start":{"line":12,"column":0},"end":{"line":12,"column":16}},"1":{"start":{"line":23,"column":0},"end":{"line":23,"column":16}},"2":{"start":{"line":30,"column":0},"end":{"line":30,"column":16}},"3":{"start":{"line":45,"column":0},"end":{"line":45,"column":16}},"4":{"start":{"line":1,"column":0},"end":{"line":1,"column":24}},"5":{"start":{"line":3,"column":26},"end":{"line":9,"column":null}},"6":{"start":{"line":13,"column":2},"end":{"line":20,"column":3}},"7":{"start":{"line":14,"column":4},"end":{"line":14,"column":41}},"8":{"start":{"line":16,"column":4},"end":{"line":18,"column":5}},"9":{"start":{"line":17,"column":6},"end":{"line":17,"column":71}},"10":{"start":{"line":19,"column":4},"end":{"line":19,"column":55}},"11":{"start":{"line":24,"column":2},"end":{"line":26,"column":3}},"12":{"start":{"line":25,"column":4},"end":{"line":25,"column":69}},"13":{"start":{"line":27,"column":2},"end":{"line":27,"column":14}},"14":{"start":{"line":31,"column":26},"end":{"line":31,"column":61}},"15":{"start":{"line":32,"column":2},"end":{"line":34,"column":3}},"16":{"start":{"line":33,"column":4},"end":{"line":33,"column":79}},"17":{"start":{"line":35,"column":2},"end":{"line":35,"column":49}},"18":{"start":{"line":38,"column":23},"end":{"line":43,"column":2}},"19":{"start":{"line":46,"column":2},"end":{"line":50,"column":3}},"20":{"start":{"line":47,"column":4},"end":{"line":47,"column":42}},"21":{"start":{"line":49,"column":4},"end":{"line":49,"column":92}}},"fnMap":{"0":{"name":"validateProjectName","decl":{"start":{"line":12,"column":16},"end":{"line":12,"column":35}},"loc":{"start":{"line":12,"column":48},"end":{"line":21,"column":1}}},"1":{"name":"validatePort","decl":{"start":{"line":23,"column":16},"end":{"line":23,"column":28}},"loc":{"start":{"line":23,"column":41},"end":{"line":28,"column":1}}},"2":{"name":"validateFramework","decl":{"start":{"line":30,"column":16},"end":{"line":30,"column":33}},"loc":{"start":{"line":30,"column":51},"end":{"line":36,"column":1}}},"3":{"name":"validateDatabase","decl":{"start":{"line":45,"column":16},"end":{"line":45,"column":32}},"loc":{"start":{"line":45,"column":50},"end":{"line":51,"column":1}}}},"branchMap":{"0":{"loc":{"start":{"line":16,"column":4},"end":{"line":18,"column":5}},"type":"if","locations":[{"start":{"line":16,"column":4},"end":{"line":18,"column":5}}]},"1":{"loc":{"start":{"line":24,"column":2},"end":{"line":26,"column":3}},"type":"if","locations":[{"start":{"line":24,"column":2},"end":{"line":26,"column":3}}]},"2":{"loc":{"start":{"line":24,"column":6},"end":{"line":24,"column":45}},"type":"binary-expr","locations":[{"start":{"line":24,"column":6},"end":{"line":24,"column":17}},{"start":{"line":24,"column":21},"end":{"line":24,"column":29}},{"start":{"line":24,"column":33},"end":{"line":24,"column":45}}]},"3":{"loc":{"start":{"line":32,"column":2},"end":{"line":34,"column":3}},"type":"if","locations":[{"start":{"line":32,"column":2},"end":{"line":34,"column":3}}]}},"s":{"0":1,"1":1,"2":1,"3":1,"4":1,"5":1,"6":13,"7":13,"8":5,"9":5,"10":0,"11":14,"12":4,"13":10,"14":6,"15":6,"16":4,"17":2,"18":1,"19":8,"20":8,"21":4},"f":{"0":13,"1":14,"2":6,"3":8},"b":{"0":[5],"1":[4],"2":[14,13,11],"3":[4]}}
}
