TN:
SF:src\index.ts
FN:9,main
FNF:1
FNH:0
FNDA:0,main
DA:10,0
DA:11,0
DA:12,0
DA:21,0
DA:23,0
DA:24,0
DA:25,0
DA:26,0
DA:27,0
DA:28,0
DA:30,0
DA:33,0
DA:34,0
DA:42,0
DA:43,0
LF:15
LH:0
BRDA:23,0,0,0
BRDA:23,0,1,0
BRDA:25,1,0,0
BRDA:25,1,1,0
BRDA:27,2,0,0
BRDA:27,2,1,0
BRDA:37,3,0,0
BRDA:37,3,1,0
BRF:8
BRH:0
end_of_record
TN:
SF:src\generators\deno.ts
FN:7,generateDenoConfig
FN:36,generateMainFile
FN:67,generateExampleRoute
FN:81,generateExampleController
FN:110,generateErrorMiddleware
FN:140,generateValidationMiddleware
FN:167,generateLogger
FN:189,generateExampleTest
FN:224,generateDenoProject
FN:298,generateReadme
FNF:10
FNH:10
FNDA:3,generateDenoConfig
FNDA:3,generateMainFile
FNDA:3,generateExampleRoute
FNDA:3,generateExampleController
FNDA:3,generateErrorMiddleware
FNDA:3,generateValidationMiddleware
FNDA:3,generateLogger
FNDA:2,generateExampleTest
FNDA:4,generateDenoProject
FNDA:3,generateReadme
DA:1,1
DA:4,1
DA:5,1
DA:8,3
DA:37,3
DA:68,3
DA:82,3
DA:111,3
DA:141,3
DA:168,3
DA:190,2
DA:224,1
DA:225,4
DA:227,4
DA:229,4
DA:230,3
DA:231,3
DA:232,3
DA:233,3
DA:234,3
DA:235,3
DA:236,2
DA:240,3
DA:246,3
DA:251,3
DA:256,3
DA:262,3
DA:267,3
DA:273,3
DA:278,3
DA:279,2
DA:286,3
DA:291,3
DA:293,1
DA:294,1
DA:299,3
LF:36
LH:36
BRDA:235,0,0,2
BRDA:278,1,0,2
BRF:2
BRH:2
end_of_record
TN:
SF:src\generators\express.ts
FN:7,generateTsConfig
FN:34,generateErrorMiddleware
FN:49,generateValidationMiddleware
FN:73,generateLogger
FN:105,generateExpressProject
FN:186,generatePackageJson
FN:228,generateMainFile
FN:259,generateExampleRoute
FN:273,generateExampleController
FN:299,generateExampleTest
FN:325,generateDockerfile
FNF:11
FNH:11
FNDA:3,generateTsConfig
FNDA:3,generateErrorMiddleware
FNDA:3,generateValidationMiddleware
FNDA:3,generateLogger
FNDA:4,generateExpressProject
FNDA:3,generatePackageJson
FNDA:3,generateMainFile
FNDA:3,generateExampleRoute
FNDA:3,generateExampleController
FNDA:2,generateExampleTest
FNDA:3,generateDockerfile
DA:1,1
DA:4,1
DA:5,1
DA:8,3
DA:35,3
DA:50,3
DA:74,3
DA:105,1
DA:106,4
DA:108,4
DA:110,4
DA:111,3
DA:112,3
DA:113,3
DA:114,3
DA:115,3
DA:116,3
DA:117,3
DA:118,2
DA:122,3
DA:127,3
DA:133,3
DA:138,3
DA:143,3
DA:149,3
DA:154,3
DA:160,3
DA:165,3
DA:166,2
DA:172,3
DA:173,3
DA:179,3
DA:181,1
DA:182,1
DA:187,3
DA:229,3
DA:260,3
DA:274,3
DA:300,2
DA:326,3
LF:40
LH:40
BRDA:117,0,0,2
BRDA:165,1,0,2
BRDA:172,2,0,3
BRDA:197,3,0,2
BRDA:197,3,1,1
BRDA:217,4,0,2
BRDA:217,4,1,1
BRF:7
BRH:7
end_of_record
TN:
SF:src\generators\koa.ts
FN:7,generateTsConfig
FN:34,generateErrorMiddleware
FN:54,generateValidationMiddleware
FN:80,generateLogger
FN:112,generateKoaProject
FN:193,generatePackageJson
FN:238,generateMainFile
FN:272,generateExampleRoute
FN:286,generateExampleController
FN:313,generateExampleTest
FN:345,generateDockerfile
FNF:11
FNH:11
FNDA:3,generateTsConfig
FNDA:3,generateErrorMiddleware
FNDA:3,generateValidationMiddleware
FNDA:3,generateLogger
FNDA:4,generateKoaProject
FNDA:3,generatePackageJson
FNDA:3,generateMainFile
FNDA:3,generateExampleRoute
FNDA:3,generateExampleController
FNDA:2,generateExampleTest
FNDA:3,generateDockerfile
DA:1,1
DA:4,1
DA:5,1
DA:8,3
DA:35,3
DA:55,3
DA:81,3
DA:112,1
DA:113,4
DA:115,4
DA:117,4
DA:118,3
DA:119,3
DA:120,3
DA:121,3
DA:122,3
DA:123,3
DA:124,3
DA:125,2
DA:129,3
DA:134,3
DA:140,3
DA:145,3
DA:150,3
DA:156,3
DA:161,3
DA:167,3
DA:172,3
DA:173,2
DA:179,3
DA:180,3
DA:186,3
DA:188,1
DA:189,1
DA:194,3
DA:239,3
DA:273,3
DA:287,3
DA:314,2
DA:346,3
LF:40
LH:40
BRDA:124,0,0,2
BRDA:172,1,0,2
BRDA:179,2,0,3
BRDA:204,3,0,2
BRDA:204,3,1,1
BRDA:227,4,0,2
BRDA:227,4,1,1
BRF:7
BRH:7
end_of_record
TN:
SF:src\utils\logger.ts
FN:6,(anonymous_1)
FN:32,(anonymous_2)
FN:37,(anonymous_3)
FNF:3
FNH:0
FNDA:0,(anonymous_1)
FNDA:0,(anonymous_2)
FNDA:0,(anonymous_3)
DA:1,3
DA:3,3
DA:4,3
DA:6,3
DA:7,0
DA:10,3
DA:32,3
DA:33,0
DA:34,0
DA:37,3
DA:38,0
DA:39,0
LF:12
LH:7
BRDA:18,0,0,0
BRDA:18,0,1,3
BRF:2
BRH:1
end_of_record
TN:
SF:src\utils\validation.ts
FN:12,validateProjectName
FN:23,validatePort
FN:30,validateFramework
FN:45,validateDatabase
FNF:4
FNH:4
FNDA:13,validateProjectName
FNDA:14,validatePort
FNDA:6,validateFramework
FNDA:8,validateDatabase
DA:1,1
DA:3,1
DA:12,1
DA:13,13
DA:14,13
DA:16,5
DA:17,5
DA:19,0
DA:23,1
DA:24,14
DA:25,4
DA:27,10
DA:30,1
DA:31,6
DA:32,6
DA:33,4
DA:35,2
DA:38,1
DA:45,1
DA:46,8
DA:47,8
DA:49,4
LF:22
LH:21
BRDA:16,0,0,5
BRDA:24,1,0,4
BRDA:24,2,0,14
BRDA:24,2,1,13
BRDA:24,2,2,11
BRDA:32,3,0,4
BRF:6
BRH:6
end_of_record
